{"name": "test_login_page", "status": "broken", "statusDetails": {"message": "selenium.common.exceptions.InvalidArgumentException: Message: invalid argument\n  (Session info: chrome=109.0.5414.119)\nStacktrace:\n#0 0x55c9f276b303 <unknown>\n#1 0x55c9f253fbbd <unknown>\n#2 0x55c9f252ab89 <unknown>\n#3 0x55c9f2528e5e <unknown>\n#4 0x55c9f25292a4 <unknown>\n#5 0x55c9f2541c48 <unknown>\n#6 0x55c9f25b4f15 <unknown>\n#7 0x55c9f259c982 <unknown>\n#8 0x55c9f25b488c <unknown>\n#9 0x55c9f259c753 <unknown>\n#10 0x55c9f256fa14 <unknown>\n#11 0x55c9f2570b7e <unknown>\n#12 0x55c9f27ba32e <unknown>\n#13 0x55c9f27bdc0e <unknown>\n#14 0x55c9f27a0610 <unknown>\n#15 0x55c9f27bec23 <unknown>\n#16 0x55c9f2792545 <unknown>\n#17 0x55c9f27df6a8 <unknown>\n#18 0x55c9f27df836 <unknown>\n#19 0x55c9f27fad13 <unknown>\n#20 0x7fa6d1830b43 <unknown>", "trace": "venv/lib/python3.9/site-packages/_pytest/fixtures.py:908: in call_fixture_func\n    fixture_result = fixturefunc(**kwargs)\nfeatures/steps/test_login.py:17: in open_web\n    login_page.load_web(f\"{props('baseUrl')}\")\npages/actions/login_actions.py:12: in load_web\n    self.load(url)\npages/actions/base_actions.py:13: in load\n    self.browser.get(url)\nvenv/lib/python3.9/site-packages/selenium/webdriver/remote/webdriver.py:449: in get\n    self.execute(Command.GET, {\"url\": url})\nvenv/lib/python3.9/site-packages/selenium/webdriver/remote/webdriver.py:440: in execute\n    self.error_handler.check_response(response)\nvenv/lib/python3.9/site-packages/selenium/webdriver/remote/errorhandler.py:245: in check_response\n    raise exception_class(message, screen, stacktrace)\nE   selenium.common.exceptions.InvalidArgumentException: Message: invalid argument\nE     (Session info: chrome=109.0.5414.119)\nE   Stacktrace:\nE   #0 0x55c9f276b303 <unknown>\nE   #1 0x55c9f253fbbd <unknown>\nE   #2 0x55c9f252ab89 <unknown>\nE   #3 0x55c9f2528e5e <unknown>\nE   #4 0x55c9f25292a4 <unknown>\nE   #5 0x55c9f2541c48 <unknown>\nE   #6 0x55c9f25b4f15 <unknown>\nE   #7 0x55c9f259c982 <unknown>\nE   #8 0x55c9f25b488c <unknown>\nE   #9 0x55c9f259c753 <unknown>\nE   #10 0x55c9f256fa14 <unknown>\nE   #11 0x55c9f2570b7e <unknown>\nE   #12 0x55c9f27ba32e <unknown>\nE   #13 0x55c9f27bdc0e <unknown>\nE   #14 0x55c9f27a0610 <unknown>\nE   #15 0x55c9f27bec23 <unknown>\nE   #16 0x55c9f2792545 <unknown>\nE   #17 0x55c9f27df6a8 <unknown>\nE   #18 0x55c9f27df836 <unknown>\nE   #19 0x55c9f27fad13 <unknown>\nE   #20 0x7fa6d1830b43 <unknown>"}, "description": "login.feature: Login User", "start": 1675608790430, "stop": 1675608791747, "uuid": "c81aba83-7f13-47a0-918c-ada5f6352de8", "historyId": "0f34333f28d177ba139585f1e3153982", "testCaseId": "433c93b71e7cd749b8bf2a660bfa517d", "fullName": "features.steps.test_login#test_login_page", "labels": [{"name": "tag", "value": "@pytest.mark.usefixtures"}, {"name": "parentSuite", "value": "features.steps"}, {"name": "suite", "value": "test_login"}, {"name": "host", "value": "manuel-Precision-5560"}, {"name": "thread", "value": "38098-MainThread"}, {"name": "framework", "value": "pytest"}, {"name": "language", "value": "cpython3"}, {"name": "package", "value": "features.steps.test_login"}]}