{"name": "test_login_page", "status": "broken", "statusDetails": {"message": "selenium.common.exceptions.NoSuchWindowException: Message: no such window: target window already closed\nfrom unknown error: web view not found\n  (Session info: chrome=130.0.6723.70)\nStacktrace:\n\tGetHandleVerifier [0x00007FF7D4AD3AB5+28005]\n\t(No symbol) [0x00007FF7D4A383B0]\n\t(No symbol) [0x00007FF7D48D580A]\n\t(No symbol) [0x00007FF7D48AFA85]\n\t(No symbol) [0x00007FF7D4952AD7]\n\t(No symbol) [0x00007FF7D496B1B1]\n\t(No symbol) [0x00007FF7D494B7E3]\n\t(No symbol) [0x00007FF7D49175C8]\n\t(No symbol) [0x00007FF7D4918731]\n\tGetHandleVerifier [0x00007FF7D4DC643D+3118829]\n\tGetHandleVerifier [0x00007FF7D4E16C90+3448640]\n\tGetHandleVerifier [0x00007FF7D4E0CF0D+3408317]\n\tGetHandleVerifier [0x00007FF7D4B9A40B+841403]\n\t(No symbol) [0x00007FF7D4A4340F]\n\t(No symbol) [0x00007FF7D4A3F484]\n\t(No symbol) [0x00007FF7D4A3F61D]\n\t(No symbol) [0x00007FF7D4A2EB79]\n\tBaseThreadInitThunk [0x00007FFA2B17257D+29]\n\tRtlUserThreadStart [0x00007FFA2BF2AF08+40]", "trace": "venv\\Lib\\site-packages\\_pytest\\fixtures.py:898: in call_fixture_func\n    fixture_result = fixturefunc(**kwargs)\nfeatures\\steps\\test_register.py:23: in step_login_user\n    register_page.type_user(f\"{props('user')}\")\npages\\actions\\register_actions.py:14: in type_user\n    self.type_info(Register.userInput,user)\npages\\actions\\base_actions.py:37: in type_info\n    user = self._wait_for_element(by_locator)\npages\\actions\\base_actions.py:19: in _wait_for_element\n    WebDriverWait(self.browser, timeout).until(\nvenv\\Lib\\site-packages\\selenium\\webdriver\\support\\wait.py:96: in until\n    value = method(self._driver)\nvenv\\Lib\\site-packages\\selenium\\webdriver\\support\\expected_conditions.py:84: in _predicate\n    return driver.find_element(*locator)\nvenv\\Lib\\site-packages\\selenium\\webdriver\\remote\\webdriver.py:748: in find_element\n    return self.execute(Command.FIND_ELEMENT, {\"using\": by, \"value\": value})[\"value\"]\nvenv\\Lib\\site-packages\\selenium\\webdriver\\remote\\webdriver.py:354: in execute\n    self.error_handler.check_response(response)\nvenv\\Lib\\site-packages\\selenium\\webdriver\\remote\\errorhandler.py:229: in check_response\n    raise exception_class(message, screen, stacktrace)\nE   selenium.common.exceptions.NoSuchWindowException: Message: no such window: target window already closed\nE   from unknown error: web view not found\nE     (Session info: chrome=130.0.6723.70)\nE   Stacktrace:\nE   \tGetHandleVerifier [0x00007FF7D4AD3AB5+28005]\nE   \t(No symbol) [0x00007FF7D4A383B0]\nE   \t(No symbol) [0x00007FF7D48D580A]\nE   \t(No symbol) [0x00007FF7D48AFA85]\nE   \t(No symbol) [0x00007FF7D4952AD7]\nE   \t(No symbol) [0x00007FF7D496B1B1]\nE   \t(No symbol) [0x00007FF7D494B7E3]\nE   \t(No symbol) [0x00007FF7D49175C8]\nE   \t(No symbol) [0x00007FF7D4918731]\nE   \tGetHandleVerifier [0x00007FF7D4DC643D+3118829]\nE   \tGetHandleVerifier [0x00007FF7D4E16C90+3448640]\nE   \tGetHandleVerifier [0x00007FF7D4E0CF0D+3408317]\nE   \tGetHandleVerifier [0x00007FF7D4B9A40B+841403]\nE   \t(No symbol) [0x00007FF7D4A4340F]\nE   \t(No symbol) [0x00007FF7D4A3F484]\nE   \t(No symbol) [0x00007FF7D4A3F61D]\nE   \t(No symbol) [0x00007FF7D4A2EB79]\nE   \tBaseThreadInitThunk [0x00007FFA2B17257D+29]\nE   \tRtlUserThreadStart [0x00007FFA2BF2AF08+40]"}, "description": "register.feature: Register User", "start": 1729969521355, "stop": 1729969528705, "uuid": "ae763170-cf70-442d-9253-0cb0be280d7f", "historyId": "84368c6e3c571653cd251111251e854b", "testCaseId": "84368c6e3c571653cd251111251e854b", "fullName": "features.steps.test_register#test_login_page", "labels": [{"name": "tag", "value": "@pytest.mark.usefixtures"}, {"name": "parentSuite", "value": "features.steps"}, {"name": "suite", "value": "test_register"}, {"name": "host", "value": "manuel"}, {"name": "thread", "value": "3292-MainThread"}, {"name": "framework", "value": "pytest"}, {"name": "language", "value": "cpython3"}, {"name": "package", "value": "features.steps.test_register"}]}